<?xml version="1.0" encoding="UTF-8"?>
<!-- Generated by org.testng.reporters.JUnitReportReporter -->
<testsuite hostname="Mervin-PC" name="IExplorer.Claim_Vida_IE" tests="1" failures="0" timestamp="15 Mar 2017 15:44:19 GMT" time="50.865" errors="0">
  <testcase name="T01_AgregarDatosConctacto" time="50.865" classname="IExplorer.Claim_Vida_IE"/>
</testsuite> <!-- IExplorer.Claim_Vida_IE -->
