<?xml version="1.0" encoding="UTF-8"?>
<!-- Generated by org.testng.reporters.JUnitReportReporter -->
<testsuite hostname="Mervin-PC" name="IExplorer.Claim_Vida_IE_Excel" tests="1" failures="0" timestamp="15 Mar 2017 13:29:10 GMT" time="49.973" errors="0">
  <testcase name="T01_AgregarDatosConctacto" time="49.973" classname="IExplorer.Claim_Vida_IE_Excel"/>
</testsuite> <!-- IExplorer.Claim_Vida_IE_Excel -->
