<?xml version="1.0" encoding="UTF-8"?>
<!-- Generated by org.testng.reporters.JUnitReportReporter -->
<testsuite hostname="Mervin-PC" name="claimVida.Claim_Vida_Excel" tests="5" failures="0" timestamp="15 Mar 2017 20:52:54 GMT" time="220.625" errors="0">
  <testcase name="T01_AgregarDatosConctacto" time="52.659" classname="claimVida.Claim_Vida_Excel"/>
  <testcase name="T04_EliminarDatosContacto" time="47.954" classname="claimVida.Claim_Vida_Excel"/>
  <testcase name="T05_ZAvanzarAdmitirExpediente" time="16.717" classname="claimVida.Claim_Vida_Excel"/>
  <testcase name="T02_AgregarOtroDatoConctacto" time="52.581" classname="claimVida.Claim_Vida_Excel"/>
  <testcase name="T03_EditarDatosContacto" time="50.714" classname="claimVida.Claim_Vida_Excel"/>
</testsuite> <!-- claimVida.Claim_Vida_Excel -->
